# JRE version: Java(TM) SE Runtime Environment (14.0.2+12) (build 14.0.2+12-46)
# Java VM: Java HotSpot(TM) 64-Bit Server VM (14.0.2+12-46, mixed mode, sharing, tiered, compressed oops, parallel gc, windows-amd64)
Heap:
 PSYoungGen      total 11776K, used 11026K [0x00000000eab00000, 0x00000000ebb80000, 0x0000000100000000)
  eden space 7680K, 92% used [0x00000000eab00000,0x00000000eb1e8f68,0x00000000eb280000)
  from space 4096K, 96% used [0x00000000eb300000,0x00000000eb6dbb80,0x00000000eb700000)
  to   space 4608K, 0% used [0x00000000eb700000,0x00000000eb700000,0x00000000ebb80000)
 ParOldGen       total 287232K, used 240689K [0x00000000c0000000, 0x00000000d1880000, 0x00000000eab00000)
  object space 287232K, 83% used [0x00000000c0000000,0x00000000ceb0c600,0x00000000d1880000)
 Metaspace       used 64830K, capacity 68008K, committed 68096K, reserved 1110016K
  class space    used 6708K, capacity 7902K, committed 7936K, reserved 1048576K
GC Heap History (20 events):
Event: 3536.908 GC heap before
{Heap before GC invocations=244 (full 12):
 PSYoungGen      total 7168K, used 7043K [0x00000000eab00000, 0x00000000eb880000, 0x0000000100000000)
  eden space 5120K, 99% used [0x00000000eab00000,0x00000000eaffffe0,0x00000000eb000000)
  from space 2048K, 93% used [0x00000000eb680000,0x00000000eb860c68,0x00000000eb880000)
  to   space 3584K, 0% used [0x00000000eb180000,0x00000000eb180000,0x00000000eb500000)
 ParOldGen       total 287232K, used 233449K [0x00000000c0000000, 0x00000000d1880000, 0x00000000eab00000)
  object space 287232K, 81% used [0x00000000c0000000,0x00000000ce3fa738,0x00000000d1880000)
 Metaspace       used 64403K, capacity 67473K, committed 67584K, reserved 1110016K
  class space    used 6689K, capacity 7899K, committed 7936K, reserved 1048576K
}
Event: 3536.917 GC heap after
{Heap after GC invocations=244 (full 12):
 PSYoungGen      total 8704K, used 2128K [0x00000000eab00000, 0x00000000eb700000, 0x0000000100000000)
  eden space 6144K, 0% used [0x00000000eab00000,0x00000000eab00000,0x00000000eb100000)
  from space 2560K, 83% used [0x00000000eb180000,0x00000000eb394050,0x00000000eb400000)
  to   space 2560K, 0% used [0x00000000eb480000,0x00000000eb480000,0x00000000eb700000)
 ParOldGen       total 287232K, used 233836K [0x00000000c0000000, 0x00000000d1880000, 0x00000000eab00000)
  object space 287232K, 81% used [0x00000000c0000000,0x00000000ce45b370,0x00000000d1880000)
 Metaspace       used 64403K, capacity 67473K, committed 67584K, reserved 1110016K
  class space    used 6689K, capacity 7899K, committed 7936K, reserved 1048576K
}
Event: 3537.259 GC heap before
{Heap before GC invocations=245 (full 12):
 PSYoungGen      total 8704K, used 8272K [0x00000000eab00000, 0x00000000eb700000, 0x0000000100000000)
  eden space 6144K, 100% used [0x00000000eab00000,0x00000000eb100000,0x00000000eb100000)
  from space 2560K, 83% used [0x00000000eb180000,0x00000000eb394050,0x00000000eb400000)
  to   space 2560K, 0% used [0x00000000eb480000,0x00000000eb480000,0x00000000eb700000)
 ParOldGen       total 287232K, used 233836K [0x00000000c0000000, 0x00000000d1880000, 0x00000000eab00000)
  object space 287232K, 81% used [0x00000000c0000000,0x00000000ce45b370,0x00000000d1880000)
 Metaspace       used 64446K, capacity 67537K, committed 67584K, reserved 1110016K
  class space    used 6694K, capacity 7899K, committed 7936K, reserved 1048576K
}
Event: 3537.268 GC heap after
{Heap after GC invocations=245 (full 12):
 PSYoungGen      total 9728K, used 2400K [0x00000000eab00000, 0x00000000eb700000, 0x0000000100000000)
  eden space 7168K, 0% used [0x00000000eab00000,0x00000000eab00000,0x00000000eb200000)
  from space 2560K, 93% used [0x00000000eb480000,0x00000000eb6d8058,0x00000000eb700000)
  to   space 2560K, 0% used [0x00000000eb200000,0x00000000eb200000,0x00000000eb480000)
 ParOldGen       total 287232K, used 234060K [0x00000000c0000000, 0x00000000d1880000, 0x00000000eab00000)
  object space 287232K, 81% used [0x00000000c0000000,0x00000000ce493370,0x00000000d1880000)
 Metaspace       used 64446K, capacity 67537K, committed 67584K, reserved 1110016K
  class space    used 6694K, capacity 7899K, committed 7936K, reserved 1048576K
}
Event: 3539.774 GC heap before
{Heap before GC invocations=246 (full 12):
 PSYoungGen      total 9728K, used 9568K [0x00000000eab00000, 0x00000000eb700000, 0x0000000100000000)
  eden space 7168K, 100% used [0x00000000eab00000,0x00000000eb200000,0x00000000eb200000)
  from space 2560K, 93% used [0x00000000eb480000,0x00000000eb6d8058,0x00000000eb700000)
  to   space 2560K, 0% used [0x00000000eb200000,0x00000000eb200000,0x00000000eb480000)
 ParOldGen       total 287232K, used 234060K [0x00000000c0000000, 0x00000000d1880000, 0x00000000eab00000)
  object space 287232K, 81% used [0x00000000c0000000,0x00000000ce493370,0x00000000d1880000)
 Metaspace       used 64466K, capacity 67537K, committed 67584K, reserved 1110016K
  class space    used 6694K, capacity 7899K, committed 7936K, reserved 1048576K
}
Event: 3539.783 GC heap after
{Heap after GC invocations=246 (full 12):
 PSYoungGen      total 9728K, used 2192K [0x00000000eab00000, 0x00000000eb800000, 0x0000000100000000)
  eden space 7168K, 0% used [0x00000000eab00000,0x00000000eab00000,0x00000000eb200000)
  from space 2560K, 85% used [0x00000000eb200000,0x00000000eb424068,0x00000000eb480000)
  to   space 2560K, 0% used [0x00000000eb580000,0x00000000eb580000,0x00000000eb800000)
 ParOldGen       total 287232K, used 234068K [0x00000000c0000000, 0x00000000d1880000, 0x00000000eab00000)
  object space 287232K, 81% used [0x00000000c0000000,0x00000000ce495370,0x00000000d1880000)
 Metaspace       used 64466K, capacity 67537K, committed 67584K, reserved 1110016K
  class space    used 6694K, capacity 7899K, committed 7936K, reserved 1048576K
}
Event: 3539.934 GC heap before
{Heap before GC invocations=247 (full 12):
 PSYoungGen      total 9728K, used 9360K [0x00000000eab00000, 0x00000000eb800000, 0x0000000100000000)
  eden space 7168K, 100% used [0x00000000eab00000,0x00000000eb200000,0x00000000eb200000)
  from space 2560K, 85% used [0x00000000eb200000,0x00000000eb424068,0x00000000eb480000)
  to   space 2560K, 0% used [0x00000000eb580000,0x00000000eb580000,0x00000000eb800000)
 ParOldGen       total 287232K, used 234068K [0x00000000c0000000, 0x00000000d1880000, 0x00000000eab00000)
  object space 287232K, 81% used [0x00000000c0000000,0x00000000ce495370,0x00000000d1880000)
 Metaspace       used 64479K, capacity 67601K, committed 67840K, reserved 1110016K
  class space    used 6694K, capacity 7899K, committed 7936K, reserved 1048576K
}
Event: 3539.948 GC heap after
{Heap after GC invocations=247 (full 12):
 PSYoungGen      total 10240K, used 2528K [0x00000000eab00000, 0x00000000eb900000, 0x0000000100000000)
  eden space 7680K, 0% used [0x00000000eab00000,0x00000000eab00000,0x00000000eb280000)
  from space 2560K, 98% used [0x00000000eb580000,0x00000000eb7f8078,0x00000000eb800000)
  to   space 3072K, 0% used [0x00000000eb280000,0x00000000eb280000,0x00000000eb580000)
 ParOldGen       total 287232K, used 234276K [0x00000000c0000000, 0x00000000d1880000, 0x00000000eab00000)
  object space 287232K, 81% used [0x00000000c0000000,0x00000000ce4c9370,0x00000000d1880000)
 Metaspace       used 64479K, capacity 67601K, committed 67840K, reserved 1110016K
  class space    used 6694K, capacity 7899K, committed 7936K, reserved 1048576K
}
Event: 3540.434 GC heap before
{Heap before GC invocations=248 (full 12):
 PSYoungGen      total 10240K, used 10208K [0x00000000eab00000, 0x00000000eb900000, 0x0000000100000000)
  eden space 7680K, 100% used [0x00000000eab00000,0x00000000eb280000,0x00000000eb280000)
  from space 2560K, 98% used [0x00000000eb580000,0x00000000eb7f8078,0x00000000eb800000)
  to   space 3072K, 0% used [0x00000000eb280000,0x00000000eb280000,0x00000000eb580000)
 ParOldGen       total 287232K, used 234276K [0x00000000c0000000, 0x00000000d1880000, 0x00000000eab00000)
  object space 287232K, 81% used [0x00000000c0000000,0x00000000ce4c9370,0x00000000d1880000)
 Metaspace       used 64529K, capacity 67601K, committed 67840K, reserved 1110016K
  class space    used 6694K, capacity 7899K, committed 7936K, reserved 1048576K
}
Event: 3540.444 GC heap after
{Heap after GC invocations=248 (full 12):
 PSYoungGen      total 10240K, used 2304K [0x00000000eab00000, 0x00000000eb780000, 0x0000000100000000)
  eden space 7680K, 0% used [0x00000000eab00000,0x00000000eab00000,0x00000000eb280000)
  from space 2560K, 90% used [0x00000000eb280000,0x00000000eb4c0038,0x00000000eb500000)
  to   space 2560K, 0% used [0x00000000eb500000,0x00000000eb500000,0x00000000eb780000)
 ParOldGen       total 287232K, used 234636K [0x00000000c0000000, 0x00000000d1880000, 0x00000000eab00000)
  object space 287232K, 81% used [0x00000000c0000000,0x00000000ce5233d0,0x00000000d1880000)
 Metaspace       used 64529K, capacity 67601K, committed 67840K, reserved 1110016K
  class space    used 6694K, capacity 7899K, committed 7936K, reserved 1048576K
}
Event: 3541.426 GC heap before
{Heap before GC invocations=249 (full 12):
 PSYoungGen      total 10240K, used 9982K [0x00000000eab00000, 0x00000000eb780000, 0x0000000100000000)
  eden space 7680K, 99% used [0x00000000eab00000,0x00000000eb27faa0,0x00000000eb280000)
  from space 2560K, 90% used [0x00000000eb280000,0x00000000eb4c0038,0x00000000eb500000)
  to   space 2560K, 0% used [0x00000000eb500000,0x00000000eb500000,0x00000000eb780000)
 ParOldGen       total 287232K, used 234636K [0x00000000c0000000, 0x00000000d1880000, 0x00000000eab00000)
  object space 287232K, 81% used [0x00000000c0000000,0x00000000ce5233d0,0x00000000d1880000)
 Metaspace       used 64573K, capacity 67729K, committed 67840K, reserved 1110016K
  class space    used 6694K, capacity 7899K, committed 7936K, reserved 1048576K
}
Event: 3541.437 GC heap after
{Heap after GC invocations=249 (full 12):
 PSYoungGen      total 10240K, used 2240K [0x00000000eab00000, 0x00000000eb780000, 0x0000000100000000)
  eden space 7680K, 0% used [0x00000000eab00000,0x00000000eab00000,0x00000000eb280000)
  from space 2560K, 87% used [0x00000000eb500000,0x00000000eb730038,0x00000000eb780000)
  to   space 2560K, 0% used [0x00000000eb280000,0x00000000eb280000,0x00000000eb500000)
 ParOldGen       total 287232K, used 234644K [0x00000000c0000000, 0x00000000d1880000, 0x00000000eab00000)
  object space 287232K, 81% used [0x00000000c0000000,0x00000000ce5253d0,0x00000000d1880000)
 Metaspace       used 64573K, capacity 67729K, committed 67840K, reserved 1110016K
  class space    used 6694K, capacity 7899K, committed 7936K, reserved 1048576K
}
Event: 3542.172 GC heap before
{Heap before GC invocations=250 (full 12):
 PSYoungGen      total 10240K, used 9920K [0x00000000eab00000, 0x00000000eb780000, 0x0000000100000000)
  eden space 7680K, 100% used [0x00000000eab00000,0x00000000eb280000,0x00000000eb280000)
  from space 2560K, 87% used [0x00000000eb500000,0x00000000eb730038,0x00000000eb780000)
  to   space 2560K, 0% used [0x00000000eb280000,0x00000000eb280000,0x00000000eb500000)
 ParOldGen       total 287232K, used 234644K [0x00000000c0000000, 0x00000000d1880000, 0x00000000eab00000)
  object space 287232K, 81% used [0x00000000c0000000,0x00000000ce5253d0,0x00000000d1880000)
 Metaspace       used 64608K, capacity 67729K, committed 67840K, reserved 1110016K
  class space    used 6694K, capacity 7899K, committed 7936K, reserved 1048576K
}
Event: 3542.186 GC heap after
{Heap after GC invocations=250 (full 12):
 PSYoungGen      total 10240K, used 2558K [0x00000000eab00000, 0x00000000ebf80000, 0x0000000100000000)
  eden space 7680K, 0% used [0x00000000eab00000,0x00000000eab00000,0x00000000eb280000)
  from space 2560K, 99% used [0x00000000eb280000,0x00000000eb4ffbc0,0x00000000eb500000)
  to   space 6656K, 0% used [0x00000000eb900000,0x00000000eb900000,0x00000000ebf80000)
 ParOldGen       total 287232K, used 237716K [0x00000000c0000000, 0x00000000d1880000, 0x00000000eab00000)
  object space 287232K, 82% used [0x00000000c0000000,0x00000000ce8253d0,0x00000000d1880000)
 Metaspace       used 64608K, capacity 67729K, committed 67840K, reserved 1110016K
  class space    used 6694K, capacity 7899K, committed 7936K, reserved 1048576K
}
Event: 3542.353 GC heap before
{Heap before GC invocations=251 (full 12):
 PSYoungGen      total 10240K, used 10238K [0x00000000eab00000, 0x00000000ebf80000, 0x0000000100000000)
  eden space 7680K, 100% used [0x00000000eab00000,0x00000000eb280000,0x00000000eb280000)
  from space 2560K, 99% used [0x00000000eb280000,0x00000000eb4ffbc0,0x00000000eb500000)
  to   space 6656K, 0% used [0x00000000eb900000,0x00000000eb900000,0x00000000ebf80000)
 ParOldGen       total 287232K, used 237716K [0x00000000c0000000, 0x00000000d1880000, 0x00000000eab00000)
  object space 287232K, 82% used [0x00000000c0000000,0x00000000ce8253d0,0x00000000d1880000)
 Metaspace       used 64608K, capacity 67729K, committed 67840K, reserved 1110016K
  class space    used 6694K, capacity 7899K, committed 7936K, reserved 1048576K
}
Event: 3542.375 GC heap after
{Heap after GC invocations=251 (full 12):
 PSYoungGen      total 12288K, used 4286K [0x00000000eab00000, 0x00000000ebd80000, 0x0000000100000000)
  eden space 7680K, 0% used [0x00000000eab00000,0x00000000eab00000,0x00000000eb280000)
  from space 4608K, 93% used [0x00000000eb900000,0x00000000ebd2fbc0,0x00000000ebd80000)
  to   space 5120K, 0% used [0x00000000eb380000,0x00000000eb380000,0x00000000eb880000)
 ParOldGen       total 287232K, used 238090K [0x00000000c0000000, 0x00000000d1880000, 0x00000000eab00000)
  object space 287232K, 82% used [0x00000000c0000000,0x00000000ce882850,0x00000000d1880000)
 Metaspace       used 64608K, capacity 67729K, committed 67840K, reserved 1110016K
  class space    used 6694K, capacity 7899K, committed 7936K, reserved 1048576K
}
Event: 3542.600 GC heap before
{Heap before GC invocations=252 (full 12):
 PSYoungGen      total 12288K, used 11966K [0x00000000eab00000, 0x00000000ebd80000, 0x0000000100000000)
  eden space 7680K, 100% used [0x00000000eab00000,0x00000000eb280000,0x00000000eb280000)
  from space 4608K, 93% used [0x00000000eb900000,0x00000000ebd2fbc0,0x00000000ebd80000)
  to   space 5120K, 0% used [0x00000000eb380000,0x00000000eb380000,0x00000000eb880000)
 ParOldGen       total 287232K, used 238090K [0x00000000c0000000, 0x00000000d1880000, 0x00000000eab00000)
  object space 287232K, 82% used [0x00000000c0000000,0x00000000ce882850,0x00000000d1880000)
 Metaspace       used 64617K, capacity 67729K, committed 67840K, reserved 1110016K
  class space    used 6694K, capacity 7899K, committed 7936K, reserved 1048576K
}
Event: 3542.612 GC heap after
{Heap after GC invocations=252 (full 12):
 PSYoungGen      total 11264K, used 3534K [0x00000000eab00000, 0x00000000eba80000, 0x0000000100000000)
  eden space 7680K, 0% used [0x00000000eab00000,0x00000000eab00000,0x00000000eb280000)
  from space 3584K, 98% used [0x00000000eb380000,0x00000000eb6f3b98,0x00000000eb700000)
  to   space 3584K, 0% used [0x00000000eb700000,0x00000000eb700000,0x00000000eba80000)
 ParOldGen       total 287232K, used 238090K [0x00000000c0000000, 0x00000000d1880000, 0x00000000eab00000)
  object space 287232K, 82% used [0x00000000c0000000,0x00000000ce882850,0x00000000d1880000)
 Metaspace       used 64617K, capacity 67729K, committed 67840K, reserved 1110016K
  class space    used 6694K, capacity 7899K, committed 7936K, reserved 1048576K
}
Event: 3554.421 GC heap before
{Heap before GC invocations=253 (full 12):
 PSYoungGen      total 11264K, used 11214K [0x00000000eab00000, 0x00000000eba80000, 0x0000000100000000)
  eden space 7680K, 99% used [0x00000000eab00000,0x00000000eb27ffc8,0x00000000eb280000)
  from space 3584K, 98% used [0x00000000eb380000,0x00000000eb6f3b98,0x00000000eb700000)
  to   space 3584K, 0% used [0x00000000eb700000,0x00000000eb700000,0x00000000eba80000)
 ParOldGen       total 287232K, used 238090K [0x00000000c0000000, 0x00000000d1880000, 0x00000000eab00000)
  object space 287232K, 82% used [0x00000000c0000000,0x00000000ce882850,0x00000000d1880000)
 Metaspace       used 64672K, capacity 67923K, committed 68096K, reserved 1110016K
  class space    used 6695K, capacity 7899K, committed 7936K, reserved 1048576K
}
Event: 3554.436 GC heap after
{Heap after GC invocations=253 (full 12):
 PSYoungGen      total 11264K, used 3294K [0x00000000eab00000, 0x00000000eba80000, 0x0000000100000000)
  eden space 7680K, 0% used [0x00000000eab00000,0x00000000eab00000,0x00000000eb280000)
  from space 3584K, 91% used [0x00000000eb700000,0x00000000eba37bc0,0x00000000eba80000)
  to   space 3584K, 0% used [0x00000000eb380000,0x00000000eb380000,0x00000000eb700000)
 ParOldGen       total 287232K, used 238098K [0x00000000c0000000, 0x00000000d1880000, 0x00000000eab00000)
  object space 287232K, 82% used [0x00000000c0000000,0x00000000ce884850,0x00000000d1880000)
 Metaspace       used 64672K, capacity 67923K, committed 68096K, reserved 1110016K
  class space    used 6695K, capacity 7899K, committed 7936K, reserved 1048576K
}

